<?xml version="1.0" encoding="UTF-8"?>
<testsuite name="org.oneclicklabs.springboot.UserServiceApplicationTests" tests="1" skipped="0" failures="0" errors="0" timestamp="2016-01-26T05:32:52" hostname="Karthys-MacBook-Pro.local" time="0.004">
  <properties/>
  <testcase name="contextLoads" classname="org.oneclicklabs.springboot.UserServiceApplicationTests" time="0.004"/>
  <system-out><![CDATA[00:32:48.104 [Test worker] DEBUG o.s.t.c.j.SpringJUnit4ClassRunner - SpringJUnit4ClassRunner constructor called with [class org.oneclicklabs.springboot.UserServiceApplicationTests]
00:32:48.111 [Test worker] DEBUG o.s.test.context.BootstrapUtils - Instantiating CacheAwareContextLoaderDelegate from class [org.springframework.test.context.cache.DefaultCacheAwareContextLoaderDelegate]
00:32:48.241 [Test worker] DEBUG o.s.test.context.BootstrapUtils - Instantiating BootstrapContext using constructor [public org.springframework.test.context.support.DefaultBootstrapContext(java.lang.Class,org.springframework.test.context.CacheAwareContextLoaderDelegate)]
00:32:48.252 [Test worker] DEBUG o.s.test.context.BootstrapUtils - Instantiating TestContextBootstrapper for test class [org.oneclicklabs.springboot.UserServiceApplicationTests] from class [org.springframework.test.context.support.DefaultTestContextBootstrapper]
00:32:48.395 [Test worker] DEBUG o.s.t.c.s.DefaultTestContextBootstrapper - Found explicit ContextLoader class [org.springframework.boot.test.SpringApplicationContextLoader] for context configuration attributes [ContextConfigurationAttributes@7c94bd8 declaringClass = 'org.oneclicklabs.springboot.UserServiceApplicationTests', classes = '{class org.oneclicklabs.springboot.config.Application}', locations = '{}', inheritLocations = true, initializers = '{}', inheritInitializers = true, name = [null], contextLoaderClass = 'org.springframework.boot.test.SpringApplicationContextLoader']
00:32:48.404 [Test worker] DEBUG o.s.t.c.s.AbstractContextLoader - Did not detect default resource location for test class [org.oneclicklabs.springboot.UserServiceApplicationTests]: class path resource [org/oneclicklabs/springboot/UserServiceApplicationTests-context.xml] does not exist
00:32:48.404 [Test worker] DEBUG o.s.t.c.s.AbstractContextLoader - Did not detect default resource location for test class [org.oneclicklabs.springboot.UserServiceApplicationTests]: class path resource [org/oneclicklabs/springboot/UserServiceApplicationTestsContext.groovy] does not exist
00:32:48.404 [Test worker] INFO  o.s.t.c.s.AbstractContextLoader - Could not detect default resource locations for test class [org.oneclicklabs.springboot.UserServiceApplicationTests]: no resource found for suffixes {-context.xml, Context.groovy}.
00:32:48.407 [Test worker] DEBUG o.s.t.c.support.ActiveProfilesUtils - Could not find an 'annotation declaring class' for annotation type [org.springframework.test.context.ActiveProfiles] and class [org.oneclicklabs.springboot.UserServiceApplicationTests]
00:32:48.413 [Test worker] DEBUG o.s.t.c.s.DefaultTestContextBootstrapper - @TestExecutionListeners is not present for class [org.oneclicklabs.springboot.UserServiceApplicationTests]: using defaults.
00:32:48.425 [Test worker] INFO  o.s.t.c.s.DefaultTestContextBootstrapper - Loaded default TestExecutionListener class names from location [META-INF/spring.factories]: [org.springframework.test.context.web.ServletTestExecutionListener, org.springframework.test.context.support.DirtiesContextBeforeModesTestExecutionListener, org.springframework.test.context.support.DependencyInjectionTestExecutionListener, org.springframework.test.context.support.DirtiesContextTestExecutionListener, org.springframework.test.context.transaction.TransactionalTestExecutionListener, org.springframework.test.context.jdbc.SqlScriptsTestExecutionListener]
00:32:48.459 [Test worker] INFO  o.s.t.c.s.DefaultTestContextBootstrapper - Could not instantiate TestExecutionListener [org.springframework.test.context.transaction.TransactionalTestExecutionListener]. Specify custom listener classes or make the default listener classes (and their required dependencies) available. Offending class: [org/springframework/transaction/interceptor/TransactionAttributeSource]
00:32:48.460 [Test worker] INFO  o.s.t.c.s.DefaultTestContextBootstrapper - Could not instantiate TestExecutionListener [org.springframework.test.context.jdbc.SqlScriptsTestExecutionListener]. Specify custom listener classes or make the default listener classes (and their required dependencies) available. Offending class: [org/springframework/transaction/interceptor/TransactionAttribute]
00:32:48.473 [Test worker] INFO  o.s.t.c.s.DefaultTestContextBootstrapper - Using TestExecutionListeners: [org.springframework.test.context.web.ServletTestExecutionListener@2fa37f4a, org.springframework.test.context.support.DirtiesContextBeforeModesTestExecutionListener@31860a0, org.springframework.test.context.support.DependencyInjectionTestExecutionListener@5f5d0ff8, org.springframework.test.context.support.DirtiesContextTestExecutionListener@7f8ed637]
00:32:48.790 [Test worker] DEBUG o.s.t.annotation.ProfileValueUtils - Retrieved @ProfileValueSourceConfiguration [null] for test class [org.oneclicklabs.springboot.UserServiceApplicationTests]
00:32:48.791 [Test worker] DEBUG o.s.t.annotation.ProfileValueUtils - Retrieved ProfileValueSource type [class org.springframework.test.annotation.SystemProfileValueSource] for class [org.oneclicklabs.springboot.UserServiceApplicationTests]
00:32:48.792 [Test worker] DEBUG o.s.t.annotation.ProfileValueUtils - Retrieved @ProfileValueSourceConfiguration [null] for test class [org.oneclicklabs.springboot.UserServiceApplicationTests]
00:32:48.793 [Test worker] DEBUG o.s.t.annotation.ProfileValueUtils - Retrieved ProfileValueSource type [class org.springframework.test.annotation.SystemProfileValueSource] for class [org.oneclicklabs.springboot.UserServiceApplicationTests]
00:32:48.797 [Test worker] DEBUG o.s.t.c.s.AbstractDirtiesContextTestExecutionListener - Before test class: context [DefaultTestContext@17eaf75b testClass = UserServiceApplicationTests, testInstance = [null], testMethod = [null], testException = [null], mergedContextConfiguration = [MergedContextConfiguration@9ea244 testClass = UserServiceApplicationTests, locations = '{}', classes = '{class org.oneclicklabs.springboot.config.Application}', contextInitializerClasses = '[]', activeProfiles = '{}', propertySourceLocations = '{}', propertySourceProperties = '{}', contextLoader = 'org.springframework.boot.test.SpringApplicationContextLoader', parent = [null]]], class annotated with @DirtiesContext [false] with mode [null].
00:32:48.798 [Test worker] DEBUG o.s.t.annotation.ProfileValueUtils - Retrieved @ProfileValueSourceConfiguration [null] for test class [org.oneclicklabs.springboot.UserServiceApplicationTests]
00:32:48.798 [Test worker] DEBUG o.s.t.annotation.ProfileValueUtils - Retrieved ProfileValueSource type [class org.springframework.test.annotation.SystemProfileValueSource] for class [org.oneclicklabs.springboot.UserServiceApplicationTests]
00:32:48.801 [Test worker] DEBUG o.s.t.c.s.DependencyInjectionTestExecutionListener - Performing dependency injection for test context [[DefaultTestContext@17eaf75b testClass = UserServiceApplicationTests, testInstance = org.oneclicklabs.springboot.UserServiceApplicationTests@602c3903, testMethod = [null], testException = [null], mergedContextConfiguration = [MergedContextConfiguration@9ea244 testClass = UserServiceApplicationTests, locations = '{}', classes = '{class org.oneclicklabs.springboot.config.Application}', contextInitializerClasses = '[]', activeProfiles = '{}', propertySourceLocations = '{}', propertySourceProperties = '{}', contextLoader = 'org.springframework.boot.test.SpringApplicationContextLoader', parent = [null]]]].
00:32:48.925 [Test worker] DEBUG o.s.core.env.StandardEnvironment - Adding [systemProperties] PropertySource with lowest search precedence
00:32:48.927 [Test worker] DEBUG o.s.core.env.StandardEnvironment - Adding [systemEnvironment] PropertySource with lowest search precedence
00:32:48.927 [Test worker] DEBUG o.s.core.env.StandardEnvironment - Initialized StandardEnvironment with PropertySources [systemProperties,systemEnvironment]
00:32:48.929 [Test worker] DEBUG o.s.core.env.StandardEnvironment - Adding [integrationTest] PropertySource with search precedence immediately lower than [systemEnvironment]

  .   ____          _            __ _ _
 /\\ / ___'_ __ _ _(_)_ __  __ _ \ \ \ \
( ( )\___ | '_ | '_| | '_ \/ _` | \ \ \ \
 \\/  ___)| |_)| | | | | || (_| |  ) ) ) )
  '  |____| .__|_| |_|_| |_\__, | / / / /
 =========|_|==============|___/=/_/_/_/
 :: Spring Boot ::        (v1.3.2.RELEASE)

2016-01-26 00:32:50.094  INFO 27187 --- [    Test worker] o.o.s.UserServiceApplicationTests        : Starting UserServiceApplicationTests on Karthys-MacBook-Pro.local with PID 27187 (/Users/karthy/git/user-service/build/classes/test started by karthy in /Users/karthy/git/user-service)
2016-01-26 00:32:50.096  INFO 27187 --- [    Test worker] o.o.s.UserServiceApplicationTests        : No active profile set, falling back to default profiles: default
2016-01-26 00:32:50.211  INFO 27187 --- [    Test worker] s.c.a.AnnotationConfigApplicationContext : Refreshing org.springframework.context.annotation.AnnotationConfigApplicationContext@755888e0: startup date [Tue Jan 26 00:32:50 EST 2016]; root of context hierarchy
2016-01-26 00:32:52.242  INFO 27187 --- [    Test worker] o.o.s.UserServiceApplicationTests        : Started UserServiceApplicationTests in 3.309 seconds (JVM running for 6.627)
]]></system-out>
  <system-err><![CDATA[]]></system-err>
</testsuite>
